<?xml version="1.0" encoding="UTF-8"?><testrun name="com.skilldistillery.armadasite.entities" project="ArmadaSiteJPA" tests="47" started="47" failures="0" errors="2" ignored="5">
  <testsuite name="com.skilldistillery.armadasite.entities.ShipDefenseTokenTest" time="0.693" displayname="ShipDefenseTokenTest" uniqueid="[engine:junit-jupiter]/[class:com.skilldistillery.armadasite.entities.ShipDefenseTokenTest]">
    <testcase name="testShipRelationship" classname="com.skilldistillery.armadasite.entities.ShipDefenseTokenTest" time="0.237" displayname="Testing relationship between ShipDefenseToken and Ship" uniqueid="[engine:junit-jupiter]/[class:com.skilldistillery.armadasite.entities.ShipDefenseTokenTest]/[method:testShipRelationship()]"/>
    <testcase name="testDefenseTokenRelationship" classname="com.skilldistillery.armadasite.entities.ShipDefenseTokenTest" time="0.011" displayname="Testing relationship between ShipDefenseToken and DefenseToken" uniqueid="[engine:junit-jupiter]/[class:com.skilldistillery.armadasite.entities.ShipDefenseTokenTest]/[method:testDefenseTokenRelationship()]"/>
    <testcase name="testFields" classname="com.skilldistillery.armadasite.entities.ShipDefenseTokenTest" time="0.445" displayname="Testing basic fields for ShipDefenseToken" uniqueid="[engine:junit-jupiter]/[class:com.skilldistillery.armadasite.entities.ShipDefenseTokenTest]/[method:testFields()]"/>
  </testsuite>
  <testsuite name="com.skilldistillery.armadasite.entities.ShipBuildTest" time="0.347" displayname="ShipBuildTest" uniqueid="[engine:junit-jupiter]/[class:com.skilldistillery.armadasite.entities.ShipBuildTest]">
    <testcase name="testShipRelationship" classname="com.skilldistillery.armadasite.entities.ShipBuildTest" time="0.012" displayname="Testing relationship between ShipBuild and Ship" uniqueid="[engine:junit-jupiter]/[class:com.skilldistillery.armadasite.entities.ShipBuildTest]/[method:testShipRelationship()]"/>
    <testcase name="testUpgradeRelationship" classname="com.skilldistillery.armadasite.entities.ShipBuildTest" time="0.017" displayname="Testing relationship between ShipBuild and Upgrade" uniqueid="[engine:junit-jupiter]/[class:com.skilldistillery.armadasite.entities.ShipBuildTest]/[method:testUpgradeRelationship()]"/>
    <testcase name="testListBuildRelationship" classname="com.skilldistillery.armadasite.entities.ShipBuildTest" time="0.318" displayname="Testing relationship between ShipBuild and ListBuild" uniqueid="[engine:junit-jupiter]/[class:com.skilldistillery.armadasite.entities.ShipBuildTest]/[method:testListBuildRelationship()]"/>
  </testsuite>
  <testsuite name="com.skilldistillery.armadasite.entities.ListFighterTest" time="0.455" displayname="ListFighterTest" uniqueid="[engine:junit-jupiter]/[class:com.skilldistillery.armadasite.entities.ListFighterTest]">
    <testcase name="testListBuildRelationship" classname="com.skilldistillery.armadasite.entities.ListFighterTest" time="0.008" displayname="Testing relationship between ListFighter and ListBuild" uniqueid="[engine:junit-jupiter]/[class:com.skilldistillery.armadasite.entities.ListFighterTest]/[method:testListBuildRelationship()]"/>
    <testcase name="testFighterRelationship" classname="com.skilldistillery.armadasite.entities.ListFighterTest" time="0.007" displayname="Testing relationship between ListFighter and Fighter" uniqueid="[engine:junit-jupiter]/[class:com.skilldistillery.armadasite.entities.ListFighterTest]/[method:testFighterRelationship()]"/>
    <testcase name="testFields" classname="com.skilldistillery.armadasite.entities.ListFighterTest" time="0.44" displayname="Testing basic ListFighter fields" uniqueid="[engine:junit-jupiter]/[class:com.skilldistillery.armadasite.entities.ListFighterTest]/[method:testFields()]"/>
  </testsuite>
  <testsuite name="com.skilldistillery.armadasite.entities.ShipUpgradeTypeTest" time="0.405" displayname="ShipUpgradeTypeTest" uniqueid="[engine:junit-jupiter]/[class:com.skilldistillery.armadasite.entities.ShipUpgradeTypeTest]">
    <testcase name="testShipRelationship" classname="com.skilldistillery.armadasite.entities.ShipUpgradeTypeTest" time="0.017" displayname="Testing relationship between ShipUpgradeType and Ship" uniqueid="[engine:junit-jupiter]/[class:com.skilldistillery.armadasite.entities.ShipUpgradeTypeTest]/[method:testShipRelationship()]"/>
    <testcase name="testUpgradeTypeRelationship" classname="com.skilldistillery.armadasite.entities.ShipUpgradeTypeTest" time="0.026" displayname="Testing relationship between ShipUpgradeType and UpgradeType" uniqueid="[engine:junit-jupiter]/[class:com.skilldistillery.armadasite.entities.ShipUpgradeTypeTest]/[method:testUpgradeTypeRelationship()]"/>
    <testcase name="testFields" classname="com.skilldistillery.armadasite.entities.ShipUpgradeTypeTest" time="0.362" displayname="Testing basic fields for ShipUpgradeType" uniqueid="[engine:junit-jupiter]/[class:com.skilldistillery.armadasite.entities.ShipUpgradeTypeTest]/[method:testFields()]"/>
  </testsuite>
  <testsuite name="com.skilldistillery.armadasite.entities.UpgradeTest" time="0.386" displayname="UpgradeTest" uniqueid="[engine:junit-jupiter]/[class:com.skilldistillery.armadasite.entities.UpgradeTest]">
    <testcase name="testImageRelationship" classname="com.skilldistillery.armadasite.entities.UpgradeTest" time="0.001" ignored="true" displayname="Testing relationship between Upgrade and Image" uniqueid="[engine:junit-jupiter]/[class:com.skilldistillery.armadasite.entities.UpgradeTest]/[method:testImageRelationship()]"/>
    <testcase name="testUpgradeFields" classname="com.skilldistillery.armadasite.entities.UpgradeTest" time="0.011" displayname="Testing basic fields for Upgrade" uniqueid="[engine:junit-jupiter]/[class:com.skilldistillery.armadasite.entities.UpgradeTest]/[method:testUpgradeFields()]"/>
    <testcase name="testUpgradeTypeRelationship" classname="com.skilldistillery.armadasite.entities.UpgradeTest" time="0.006" displayname="Testing relationship between Upgrade and UpgradeType" uniqueid="[engine:junit-jupiter]/[class:com.skilldistillery.armadasite.entities.UpgradeTest]/[method:testUpgradeTypeRelationship()]"/>
    <testcase name="testShipBuildRelationship" classname="com.skilldistillery.armadasite.entities.UpgradeTest" time="0.368" displayname="Testing relationship between Upgrade and ShipBuild" uniqueid="[engine:junit-jupiter]/[class:com.skilldistillery.armadasite.entities.UpgradeTest]/[method:testShipBuildRelationship()]"/>
  </testsuite>
  <testsuite name="com.skilldistillery.armadasite.entities.KeywordTest" time="0.31" displayname="KeywordTest" uniqueid="[engine:junit-jupiter]/[class:com.skilldistillery.armadasite.entities.KeywordTest]">
    <testcase name="testKeywordRelationship" classname="com.skilldistillery.armadasite.entities.KeywordTest" time="0.038" displayname="Testing relationship between Fighter and Keyword" uniqueid="[engine:junit-jupiter]/[class:com.skilldistillery.armadasite.entities.KeywordTest]/[method:testKeywordRelationship()]"/>
    <testcase name="testFields" classname="com.skilldistillery.armadasite.entities.KeywordTest" time="0.272" displayname="Testing basic fields for Keyword class" uniqueid="[engine:junit-jupiter]/[class:com.skilldistillery.armadasite.entities.KeywordTest]/[method:testFields()]"/>
  </testsuite>
  <testsuite name="com.skilldistillery.armadasite.entities.DefenseTokenTest" time="0.398" displayname="DefenseTokenTest" uniqueid="[engine:junit-jupiter]/[class:com.skilldistillery.armadasite.entities.DefenseTokenTest]">
    <testcase name="testShipRelationship" classname="com.skilldistillery.armadasite.entities.DefenseTokenTest" time="0.033" displayname="Testing mapping for capital ship relationship" uniqueid="[engine:junit-jupiter]/[class:com.skilldistillery.armadasite.entities.DefenseTokenTest]/[method:testShipRelationship()]"/>
    <testcase name="testImageRelationship" classname="com.skilldistillery.armadasite.entities.DefenseTokenTest" time="0.0" ignored="true" displayname="Testing mapping between Image and DefenseToken" uniqueid="[engine:junit-jupiter]/[class:com.skilldistillery.armadasite.entities.DefenseTokenTest]/[method:testImageRelationship()]"/>
    <testcase name="testFighterRelationship" classname="com.skilldistillery.armadasite.entities.DefenseTokenTest" time="0.04" displayname="Testing mapping for fighters relationship" uniqueid="[engine:junit-jupiter]/[class:com.skilldistillery.armadasite.entities.DefenseTokenTest]/[method:testFighterRelationship()]"/>
    <testcase name="testFields" classname="com.skilldistillery.armadasite.entities.DefenseTokenTest" time="0.325" displayname="Testing basic fields in entity" uniqueid="[engine:junit-jupiter]/[class:com.skilldistillery.armadasite.entities.DefenseTokenTest]/[method:testFields()]"/>
  </testsuite>
  <testsuite name="com.skilldistillery.armadasite.entities.ListBuildTest" time="0.335" displayname="ListBuildTest" uniqueid="[engine:junit-jupiter]/[class:com.skilldistillery.armadasite.entities.ListBuildTest]">
    <testcase name="testFighterRelationship" classname="com.skilldistillery.armadasite.entities.ListBuildTest" time="0.015" displayname="Testing relationship between ListBuild and Fighter" uniqueid="[engine:junit-jupiter]/[class:com.skilldistillery.armadasite.entities.ListBuildTest]/[method:testFighterRelationship()]"/>
    <testcase name="testFields" classname="com.skilldistillery.armadasite.entities.ListBuildTest" time="0.004" displayname="Testing basic fields in ListBuild class" uniqueid="[engine:junit-jupiter]/[class:com.skilldistillery.armadasite.entities.ListBuildTest]/[method:testFields()]"/>
    <testcase name="testShipBuildRelationship" classname="com.skilldistillery.armadasite.entities.ListBuildTest" time="0.316" displayname="Testing relationship between ListBuild and ShipBuild" uniqueid="[engine:junit-jupiter]/[class:com.skilldistillery.armadasite.entities.ListBuildTest]/[method:testShipBuildRelationship()]"/>
  </testsuite>
  <testsuite name="com.skilldistillery.armadasite.entities.SpeedTest" time="0.296" displayname="SpeedTest" uniqueid="[engine:junit-jupiter]/[class:com.skilldistillery.armadasite.entities.SpeedTest]">
    <testcase name="testFields" classname="com.skilldistillery.armadasite.entities.SpeedTest" time="0.296" displayname="Testing basic fields for Speed class" uniqueid="[engine:junit-jupiter]/[class:com.skilldistillery.armadasite.entities.SpeedTest]/[method:testFields()]"/>
  </testsuite>
  <testsuite name="com.skilldistillery.armadasite.entities.FighterDefenseTokenTest" time="0.251" displayname="FighterDefenseTokenTest" uniqueid="[engine:junit-jupiter]/[class:com.skilldistillery.armadasite.entities.FighterDefenseTokenTest]">
    <testcase name="testDefenseTokenRelationship" classname="com.skilldistillery.armadasite.entities.FighterDefenseTokenTest" time="0.011" displayname="Testing relationship between FighterDefenseToken and DefenseToken" uniqueid="[engine:junit-jupiter]/[class:com.skilldistillery.armadasite.entities.FighterDefenseTokenTest]/[method:testDefenseTokenRelationship()]"/>
    <testcase name="testFighterRelationship" classname="com.skilldistillery.armadasite.entities.FighterDefenseTokenTest" time="0.006" displayname="Testing relationship between FighterDefenseToken and Fighter" uniqueid="[engine:junit-jupiter]/[class:com.skilldistillery.armadasite.entities.FighterDefenseTokenTest]/[method:testFighterRelationship()]"/>
    <testcase name="testFields" classname="com.skilldistillery.armadasite.entities.FighterDefenseTokenTest" time="0.234" displayname="Testing Basic fields for FighterDefenseToken" uniqueid="[engine:junit-jupiter]/[class:com.skilldistillery.armadasite.entities.FighterDefenseTokenTest]/[method:testFields()]"/>
  </testsuite>
  <testsuite name="com.skilldistillery.armadasite.entities.ShipTest" time="0.311" displayname="ShipTest" uniqueid="[engine:junit-jupiter]/[class:com.skilldistillery.armadasite.entities.ShipTest]">
    <testcase name="testShipDefenseTokenRelationship" classname="com.skilldistillery.armadasite.entities.ShipTest" time="0.022" displayname="Testing relationship between ShipDefenseToken/DefenseToken and Ship" uniqueid="[engine:junit-jupiter]/[class:com.skilldistillery.armadasite.entities.ShipTest]/[method:testShipDefenseTokenRelationship()]"/>
    <testcase name="testImageRelationship" classname="com.skilldistillery.armadasite.entities.ShipTest" time="0.0" ignored="true" displayname="Testing relationship between Image and Ship" uniqueid="[engine:junit-jupiter]/[class:com.skilldistillery.armadasite.entities.ShipTest]/[method:testImageRelationship()]"/>
    <testcase name="testShipUpgradeTypeRelationship" classname="com.skilldistillery.armadasite.entities.ShipTest" time="0.032" displayname="Testing relationship between ShipUpgradeType/UpgradeType and Ship" uniqueid="[engine:junit-jupiter]/[class:com.skilldistillery.armadasite.entities.ShipTest]/[method:testShipUpgradeTypeRelationship()]"/>
    <testcase name="testHullZoneRelationship" classname="com.skilldistillery.armadasite.entities.ShipTest" time="0.007" displayname="Testing relationship between HullZone and Ship" uniqueid="[engine:junit-jupiter]/[class:com.skilldistillery.armadasite.entities.ShipTest]/[method:testHullZoneRelationship()]"/>
    <testcase name="testSpeedRelationship" classname="com.skilldistillery.armadasite.entities.ShipTest" time="0.004" displayname="Testing relationship between Speed and Ship" uniqueid="[engine:junit-jupiter]/[class:com.skilldistillery.armadasite.entities.ShipTest]/[method:testSpeedRelationship()]"/>
    <testcase name="testFields" classname="com.skilldistillery.armadasite.entities.ShipTest" time="0.246" displayname="Testing basic fields in Ship class" uniqueid="[engine:junit-jupiter]/[class:com.skilldistillery.armadasite.entities.ShipTest]/[method:testFields()]"/>
  </testsuite>
  <testsuite name="com.skilldistillery.armadasite.entities.UpgradeTypeTest" time="0.27" displayname="UpgradeTypeTest" uniqueid="[engine:junit-jupiter]/[class:com.skilldistillery.armadasite.entities.UpgradeTypeTest]">
    <testcase name="testShipRelationship" classname="com.skilldistillery.armadasite.entities.UpgradeTypeTest" time="0.032" displayname="Testing relationship between UpgradeType and ship" uniqueid="[engine:junit-jupiter]/[class:com.skilldistillery.armadasite.entities.UpgradeTypeTest]/[method:testShipRelationship()]"/>
    <testcase name="testImageRelationship" classname="com.skilldistillery.armadasite.entities.UpgradeTypeTest" time="0.001" ignored="true" displayname="Testing relationship between UpgradeType and Image" uniqueid="[engine:junit-jupiter]/[class:com.skilldistillery.armadasite.entities.UpgradeTypeTest]/[method:testImageRelationship()]"/>
    <testcase name="testFields" classname="com.skilldistillery.armadasite.entities.UpgradeTypeTest" time="0.237" displayname="Testing basic fields for UpgradeType" uniqueid="[engine:junit-jupiter]/[class:com.skilldistillery.armadasite.entities.UpgradeTypeTest]/[method:testFields()]"/>
  </testsuite>
  <testsuite name="com.skilldistillery.armadasite.entities.ImageTest" time="0.026" displayname="ImageTest" uniqueid="[engine:junit-jupiter]/[class:com.skilldistillery.armadasite.entities.ImageTest]">
    <testcase name="testImage" classname="com.skilldistillery.armadasite.entities.ImageTest" time="0.018" displayname="Testing basic fields in Image class" uniqueid="[engine:junit-jupiter]/[class:com.skilldistillery.armadasite.entities.ImageTest]/[method:testImage()]">
      <error>java.lang.NullPointerException
	at com.skilldistillery.armadasite.entities.ImageTest.testImage(ImageTest.java:48)
	at sun.reflect.NativeMethodAccessorImpl.invoke0(Native Method)
	at sun.reflect.NativeMethodAccessorImpl.invoke(NativeMethodAccessorImpl.java:62)
	at sun.reflect.DelegatingMethodAccessorImpl.invoke(DelegatingMethodAccessorImpl.java:43)
	at java.lang.reflect.Method.invoke(Method.java:498)
	at org.junit.platform.commons.util.ReflectionUtils.invokeMethod(ReflectionUtils.java:675)
	at org.junit.jupiter.engine.execution.MethodInvocation.proceed(MethodInvocation.java:60)
	at org.junit.jupiter.engine.execution.InvocationInterceptorChain$ValidatingInvocation.proceed(InvocationInterceptorChain.java:125)
	at org.junit.jupiter.engine.extension.TimeoutExtension.intercept(TimeoutExtension.java:132)
	at org.junit.jupiter.engine.extension.TimeoutExtension.interceptTestableMethod(TimeoutExtension.java:124)
	at org.junit.jupiter.engine.extension.TimeoutExtension.interceptTestMethod(TimeoutExtension.java:74)
	at org.junit.jupiter.engine.execution.ExecutableInvoker$ReflectiveInterceptorCall.lambda$ofVoidMethod$0(ExecutableInvoker.java:115)
	at org.junit.jupiter.engine.execution.ExecutableInvoker.lambda$invoke$0(ExecutableInvoker.java:105)
	at org.junit.jupiter.engine.execution.InvocationInterceptorChain$InterceptedInvocation.proceed(InvocationInterceptorChain.java:104)
	at org.junit.jupiter.engine.execution.InvocationInterceptorChain.proceed(InvocationInterceptorChain.java:62)
	at org.junit.jupiter.engine.execution.InvocationInterceptorChain.chainAndInvoke(InvocationInterceptorChain.java:43)
	at org.junit.jupiter.engine.execution.InvocationInterceptorChain.invoke(InvocationInterceptorChain.java:35)
	at org.junit.jupiter.engine.execution.ExecutableInvoker.invoke(ExecutableInvoker.java:104)
	at org.junit.jupiter.engine.execution.ExecutableInvoker.invoke(ExecutableInvoker.java:98)
	at org.junit.jupiter.engine.descriptor.TestMethodTestDescriptor.lambda$invokeTestMethod$6(TestMethodTestDescriptor.java:202)
	at org.junit.platform.engine.support.hierarchical.ThrowableCollector.execute(ThrowableCollector.java:73)
	at org.junit.jupiter.engine.descriptor.TestMethodTestDescriptor.invokeTestMethod(TestMethodTestDescriptor.java:198)
	at org.junit.jupiter.engine.descriptor.TestMethodTestDescriptor.execute(TestMethodTestDescriptor.java:135)
	at org.junit.jupiter.engine.descriptor.TestMethodTestDescriptor.execute(TestMethodTestDescriptor.java:69)
	at org.junit.platform.engine.support.hierarchical.NodeTestTask.lambda$executeRecursively$5(NodeTestTask.java:135)
	at org.junit.platform.engine.support.hierarchical.ThrowableCollector.execute(ThrowableCollector.java:73)
	at org.junit.platform.engine.support.hierarchical.NodeTestTask.lambda$executeRecursively$7(NodeTestTask.java:125)
	at org.junit.platform.engine.support.hierarchical.Node.around(Node.java:135)
	at org.junit.platform.engine.support.hierarchical.NodeTestTask.lambda$executeRecursively$8(NodeTestTask.java:123)
	at org.junit.platform.engine.support.hierarchical.ThrowableCollector.execute(ThrowableCollector.java:73)
	at org.junit.platform.engine.support.hierarchical.NodeTestTask.executeRecursively(NodeTestTask.java:122)
	at org.junit.platform.engine.support.hierarchical.NodeTestTask.execute(NodeTestTask.java:80)
	at java.util.ArrayList.forEach(ArrayList.java:1257)
	at org.junit.platform.engine.support.hierarchical.SameThreadHierarchicalTestExecutorService.invokeAll(SameThreadHierarchicalTestExecutorService.java:38)
	at org.junit.platform.engine.support.hierarchical.NodeTestTask.lambda$executeRecursively$5(NodeTestTask.java:139)
	at org.junit.platform.engine.support.hierarchical.ThrowableCollector.execute(ThrowableCollector.java:73)
	at org.junit.platform.engine.support.hierarchical.NodeTestTask.lambda$executeRecursively$7(NodeTestTask.java:125)
	at org.junit.platform.engine.support.hierarchical.Node.around(Node.java:135)
	at org.junit.platform.engine.support.hierarchical.NodeTestTask.lambda$executeRecursively$8(NodeTestTask.java:123)
	at org.junit.platform.engine.support.hierarchical.ThrowableCollector.execute(ThrowableCollector.java:73)
	at org.junit.platform.engine.support.hierarchical.NodeTestTask.executeRecursively(NodeTestTask.java:122)
	at org.junit.platform.engine.support.hierarchical.NodeTestTask.execute(NodeTestTask.java:80)
	at java.util.ArrayList.forEach(ArrayList.java:1257)
	at org.junit.platform.engine.support.hierarchical.SameThreadHierarchicalTestExecutorService.invokeAll(SameThreadHierarchicalTestExecutorService.java:38)
	at org.junit.platform.engine.support.hierarchical.NodeTestTask.lambda$executeRecursively$5(NodeTestTask.java:139)
	at org.junit.platform.engine.support.hierarchical.ThrowableCollector.execute(ThrowableCollector.java:73)
	at org.junit.platform.engine.support.hierarchical.NodeTestTask.lambda$executeRecursively$7(NodeTestTask.java:125)
	at org.junit.platform.engine.support.hierarchical.Node.around(Node.java:135)
	at org.junit.platform.engine.support.hierarchical.NodeTestTask.lambda$executeRecursively$8(NodeTestTask.java:123)
	at org.junit.platform.engine.support.hierarchical.ThrowableCollector.execute(ThrowableCollector.java:73)
	at org.junit.platform.engine.support.hierarchical.NodeTestTask.executeRecursively(NodeTestTask.java:122)
	at org.junit.platform.engine.support.hierarchical.NodeTestTask.execute(NodeTestTask.java:80)
	at org.junit.platform.engine.support.hierarchical.SameThreadHierarchicalTestExecutorService.submit(SameThreadHierarchicalTestExecutorService.java:32)
	at org.junit.platform.engine.support.hierarchical.HierarchicalTestExecutor.execute(HierarchicalTestExecutor.java:57)
	at org.junit.platform.engine.support.hierarchical.HierarchicalTestEngine.execute(HierarchicalTestEngine.java:51)
	at org.junit.platform.launcher.core.DefaultLauncher.execute(DefaultLauncher.java:229)
	at org.junit.platform.launcher.core.DefaultLauncher.lambda$execute$6(DefaultLauncher.java:197)
	at org.junit.platform.launcher.core.DefaultLauncher.withInterceptedStreams(DefaultLauncher.java:211)
	at org.junit.platform.launcher.core.DefaultLauncher.execute(DefaultLauncher.java:191)
	at org.junit.platform.launcher.core.DefaultLauncher.execute(DefaultLauncher.java:137)
	at org.eclipse.jdt.internal.junit5.runner.JUnit5TestReference.run(JUnit5TestReference.java:89)
	at org.eclipse.jdt.internal.junit.runner.TestExecution.run(TestExecution.java:41)
	at org.eclipse.jdt.internal.junit.runner.RemoteTestRunner.runTests(RemoteTestRunner.java:541)
	at org.eclipse.jdt.internal.junit.runner.RemoteTestRunner.runTests(RemoteTestRunner.java:763)
	at org.eclipse.jdt.internal.junit.runner.RemoteTestRunner.run(RemoteTestRunner.java:463)
	at org.eclipse.jdt.internal.junit.runner.RemoteTestRunner.main(RemoteTestRunner.java:209)

</error>
    </testcase>
    <testcase name="testShip" classname="com.skilldistillery.armadasite.entities.ImageTest" time="0.008" displayname="Testing relationship bewteen Image and Ships" uniqueid="[engine:junit-jupiter]/[class:com.skilldistillery.armadasite.entities.ImageTest]/[method:testShip()]">
      <error>java.lang.IndexOutOfBoundsException: Index: 0, Size: 0
	at java.util.ArrayList.rangeCheck(ArrayList.java:657)
	at java.util.ArrayList.get(ArrayList.java:433)
	at org.hibernate.collection.internal.PersistentBag.get(PersistentBag.java:478)
	at com.skilldistillery.armadasite.entities.ImageTest.testShip(ImageTest.java:55)
	at sun.reflect.NativeMethodAccessorImpl.invoke0(Native Method)
	at sun.reflect.NativeMethodAccessorImpl.invoke(NativeMethodAccessorImpl.java:62)
	at sun.reflect.DelegatingMethodAccessorImpl.invoke(DelegatingMethodAccessorImpl.java:43)
	at java.lang.reflect.Method.invoke(Method.java:498)
	at org.junit.platform.commons.util.ReflectionUtils.invokeMethod(ReflectionUtils.java:675)
	at org.junit.jupiter.engine.execution.MethodInvocation.proceed(MethodInvocation.java:60)
	at org.junit.jupiter.engine.execution.InvocationInterceptorChain$ValidatingInvocation.proceed(InvocationInterceptorChain.java:125)
	at org.junit.jupiter.engine.extension.TimeoutExtension.intercept(TimeoutExtension.java:132)
	at org.junit.jupiter.engine.extension.TimeoutExtension.interceptTestableMethod(TimeoutExtension.java:124)
	at org.junit.jupiter.engine.extension.TimeoutExtension.interceptTestMethod(TimeoutExtension.java:74)
	at org.junit.jupiter.engine.execution.ExecutableInvoker$ReflectiveInterceptorCall.lambda$ofVoidMethod$0(ExecutableInvoker.java:115)
	at org.junit.jupiter.engine.execution.ExecutableInvoker.lambda$invoke$0(ExecutableInvoker.java:105)
	at org.junit.jupiter.engine.execution.InvocationInterceptorChain$InterceptedInvocation.proceed(InvocationInterceptorChain.java:104)
	at org.junit.jupiter.engine.execution.InvocationInterceptorChain.proceed(InvocationInterceptorChain.java:62)
	at org.junit.jupiter.engine.execution.InvocationInterceptorChain.chainAndInvoke(InvocationInterceptorChain.java:43)
	at org.junit.jupiter.engine.execution.InvocationInterceptorChain.invoke(InvocationInterceptorChain.java:35)
	at org.junit.jupiter.engine.execution.ExecutableInvoker.invoke(ExecutableInvoker.java:104)
	at org.junit.jupiter.engine.execution.ExecutableInvoker.invoke(ExecutableInvoker.java:98)
	at org.junit.jupiter.engine.descriptor.TestMethodTestDescriptor.lambda$invokeTestMethod$6(TestMethodTestDescriptor.java:202)
	at org.junit.platform.engine.support.hierarchical.ThrowableCollector.execute(ThrowableCollector.java:73)
	at org.junit.jupiter.engine.descriptor.TestMethodTestDescriptor.invokeTestMethod(TestMethodTestDescriptor.java:198)
	at org.junit.jupiter.engine.descriptor.TestMethodTestDescriptor.execute(TestMethodTestDescriptor.java:135)
	at org.junit.jupiter.engine.descriptor.TestMethodTestDescriptor.execute(TestMethodTestDescriptor.java:69)
	at org.junit.platform.engine.support.hierarchical.NodeTestTask.lambda$executeRecursively$5(NodeTestTask.java:135)
	at org.junit.platform.engine.support.hierarchical.ThrowableCollector.execute(ThrowableCollector.java:73)
	at org.junit.platform.engine.support.hierarchical.NodeTestTask.lambda$executeRecursively$7(NodeTestTask.java:125)
	at org.junit.platform.engine.support.hierarchical.Node.around(Node.java:135)
	at org.junit.platform.engine.support.hierarchical.NodeTestTask.lambda$executeRecursively$8(NodeTestTask.java:123)
	at org.junit.platform.engine.support.hierarchical.ThrowableCollector.execute(ThrowableCollector.java:73)
	at org.junit.platform.engine.support.hierarchical.NodeTestTask.executeRecursively(NodeTestTask.java:122)
	at org.junit.platform.engine.support.hierarchical.NodeTestTask.execute(NodeTestTask.java:80)
	at java.util.ArrayList.forEach(ArrayList.java:1257)
	at org.junit.platform.engine.support.hierarchical.SameThreadHierarchicalTestExecutorService.invokeAll(SameThreadHierarchicalTestExecutorService.java:38)
	at org.junit.platform.engine.support.hierarchical.NodeTestTask.lambda$executeRecursively$5(NodeTestTask.java:139)
	at org.junit.platform.engine.support.hierarchical.ThrowableCollector.execute(ThrowableCollector.java:73)
	at org.junit.platform.engine.support.hierarchical.NodeTestTask.lambda$executeRecursively$7(NodeTestTask.java:125)
	at org.junit.platform.engine.support.hierarchical.Node.around(Node.java:135)
	at org.junit.platform.engine.support.hierarchical.NodeTestTask.lambda$executeRecursively$8(NodeTestTask.java:123)
	at org.junit.platform.engine.support.hierarchical.ThrowableCollector.execute(ThrowableCollector.java:73)
	at org.junit.platform.engine.support.hierarchical.NodeTestTask.executeRecursively(NodeTestTask.java:122)
	at org.junit.platform.engine.support.hierarchical.NodeTestTask.execute(NodeTestTask.java:80)
	at java.util.ArrayList.forEach(ArrayList.java:1257)
	at org.junit.platform.engine.support.hierarchical.SameThreadHierarchicalTestExecutorService.invokeAll(SameThreadHierarchicalTestExecutorService.java:38)
	at org.junit.platform.engine.support.hierarchical.NodeTestTask.lambda$executeRecursively$5(NodeTestTask.java:139)
	at org.junit.platform.engine.support.hierarchical.ThrowableCollector.execute(ThrowableCollector.java:73)
	at org.junit.platform.engine.support.hierarchical.NodeTestTask.lambda$executeRecursively$7(NodeTestTask.java:125)
	at org.junit.platform.engine.support.hierarchical.Node.around(Node.java:135)
	at org.junit.platform.engine.support.hierarchical.NodeTestTask.lambda$executeRecursively$8(NodeTestTask.java:123)
	at org.junit.platform.engine.support.hierarchical.ThrowableCollector.execute(ThrowableCollector.java:73)
	at org.junit.platform.engine.support.hierarchical.NodeTestTask.executeRecursively(NodeTestTask.java:122)
	at org.junit.platform.engine.support.hierarchical.NodeTestTask.execute(NodeTestTask.java:80)
	at org.junit.platform.engine.support.hierarchical.SameThreadHierarchicalTestExecutorService.submit(SameThreadHierarchicalTestExecutorService.java:32)
	at org.junit.platform.engine.support.hierarchical.HierarchicalTestExecutor.execute(HierarchicalTestExecutor.java:57)
	at org.junit.platform.engine.support.hierarchical.HierarchicalTestEngine.execute(HierarchicalTestEngine.java:51)
	at org.junit.platform.launcher.core.DefaultLauncher.execute(DefaultLauncher.java:229)
	at org.junit.platform.launcher.core.DefaultLauncher.lambda$execute$6(DefaultLauncher.java:197)
	at org.junit.platform.launcher.core.DefaultLauncher.withInterceptedStreams(DefaultLauncher.java:211)
	at org.junit.platform.launcher.core.DefaultLauncher.execute(DefaultLauncher.java:191)
	at org.junit.platform.launcher.core.DefaultLauncher.execute(DefaultLauncher.java:137)
	at org.eclipse.jdt.internal.junit5.runner.JUnit5TestReference.run(JUnit5TestReference.java:89)
	at org.eclipse.jdt.internal.junit.runner.TestExecution.run(TestExecution.java:41)
	at org.eclipse.jdt.internal.junit.runner.RemoteTestRunner.runTests(RemoteTestRunner.java:541)
	at org.eclipse.jdt.internal.junit.runner.RemoteTestRunner.runTests(RemoteTestRunner.java:763)
	at org.eclipse.jdt.internal.junit.runner.RemoteTestRunner.run(RemoteTestRunner.java:463)
	at org.eclipse.jdt.internal.junit.runner.RemoteTestRunner.main(RemoteTestRunner.java:209)

</error>
    </testcase>
  </testsuite>
  <testsuite name="com.skilldistillery.armadasite.entities.HullZoneTest" time="0.206" displayname="HullZoneTest" uniqueid="[engine:junit-jupiter]/[class:com.skilldistillery.armadasite.entities.HullZoneTest]">
    <testcase name="testShipRelationship" classname="com.skilldistillery.armadasite.entities.HullZoneTest" time="0.021" displayname="Testing relationship between HullZone and Ship" uniqueid="[engine:junit-jupiter]/[class:com.skilldistillery.armadasite.entities.HullZoneTest]/[method:testShipRelationship()]"/>
    <testcase name="testFields" classname="com.skilldistillery.armadasite.entities.HullZoneTest" time="0.185" displayname="Testing basic HullZone fields" uniqueid="[engine:junit-jupiter]/[class:com.skilldistillery.armadasite.entities.HullZoneTest]/[method:testFields()]"/>
  </testsuite>
  <testsuite name="com.skilldistillery.armadasite.entities.FighterTest" time="0.035" displayname="FighterTest" uniqueid="[engine:junit-jupiter]/[class:com.skilldistillery.armadasite.entities.FighterTest]">
    <testcase name="testImageRelationship" classname="com.skilldistillery.armadasite.entities.FighterTest" time="0.001" ignored="true" displayname="Testing mapping between Fighter and Image" uniqueid="[engine:junit-jupiter]/[class:com.skilldistillery.armadasite.entities.FighterTest]/[method:testImageRelationship()]"/>
    <testcase name="testKeywordRelationship" classname="com.skilldistillery.armadasite.entities.FighterTest" time="0.006" displayname="Testing mapping between keyword and fighter" uniqueid="[engine:junit-jupiter]/[class:com.skilldistillery.armadasite.entities.FighterTest]/[method:testKeywordRelationship()]"/>
    <testcase name="testDefenseToken" classname="com.skilldistillery.armadasite.entities.FighterTest" time="0.009" displayname="Testing mapping between Fighter and DefenseToken/FighterDefenseToken" uniqueid="[engine:junit-jupiter]/[class:com.skilldistillery.armadasite.entities.FighterTest]/[method:testDefenseToken()]"/>
    <testcase name="testListRelationship" classname="com.skilldistillery.armadasite.entities.FighterTest" time="0.009" displayname="Testing mapping between Fighter and ListFighter/List" uniqueid="[engine:junit-jupiter]/[class:com.skilldistillery.armadasite.entities.FighterTest]/[method:testListRelationship()]"/>
    <testcase name="testFields" classname="com.skilldistillery.armadasite.entities.FighterTest" time="0.009" displayname="Testing basic fields for Fighter class" uniqueid="[engine:junit-jupiter]/[class:com.skilldistillery.armadasite.entities.FighterTest]/[method:testFields()]"/>
  </testsuite>
</testrun>
